<?xml version="1.0" encoding="UTF-8"?>
<!-- Generated by org.testng.reporters.JUnitReportReporter -->
<testsuite hostname="DESKTOP-G57KNH2" failures="0" tests="1" name="jenkins.TestCase3" time="0.012" errors="0" timestamp="2023-01-09T17:55:53 IST" skipped="0">
  <testcase classname="jenkins.TestCase3" name="m3" time="0.012"/>
  <system-out>
    <![CDATA[How r u]]>
  </system-out>
</testsuite> <!-- jenkins.TestCase3 -->
